INFO:     Started server process [31772]
INFO:     Waiting for application startup.
INFO:     Application startup complete.
INFO:     Uvicorn running on http://0.0.0.0:8000 (Press CTRL+C to quit)
INFO:     127.0.0.1:55927 - "GET /health HTTP/1.1" 200 OK
INFO:     127.0.0.1:55929 - "GET / HTTP/1.1" 200 OK
2026-07-05 23:26:13,364 INFO sqlalchemy.engine.Engine SELECT DATABASE()
2026-07-05 23:26:13,364 INFO sqlalchemy.engine.Engine [raw sql] {}
2026-07-05 23:26:13,365 INFO sqlalchemy.engine.Engine SELECT @@sql_mode
2026-07-05 23:26:13,365 INFO sqlalchemy.engine.Engine [raw sql] {}
2026-07-05 23:26:13,366 INFO sqlalchemy.engine.Engine SELECT @@lower_case_table_names
2026-07-05 23:26:13,366 INFO sqlalchemy.engine.Engine [raw sql] {}
2026-07-05 23:26:13,366 INFO sqlalchemy.engine.Engine BEGIN (implicit)
2026-07-05 23:26:13,368 INFO sqlalchemy.engine.Engine SELECT product_sizes.id AS product_sizes_id, product_sizes.category_id AS product_sizes_category_id, product_sizes.name AS product_sizes_name, product_sizes.width AS product_sizes_width, product_sizes.height AS product_sizes_height, product_sizes.code AS product_sizes_code, product_sizes.sort_order AS product_sizes_sort_order, product_sizes.is_active AS product_sizes_is_active 
FROM product_sizes 
WHERE product_sizes.category_id = %(category_id_1)s AND product_sizes.is_active = true ORDER BY product_sizes.sort_order
2026-07-05 23:26:13,368 INFO sqlalchemy.engine.Engine [generated in 0.00012s] {'category_id_1': 1}
2026-07-05 23:26:13,383 INFO sqlalchemy.engine.Engine ROLLBACK
INFO:     127.0.0.1:55932 - "GET /api/quote/sizes HTTP/1.1" 200 OK
INFO:     127.0.0.1:56193 - "GET / HTTP/1.1" 200 OK
2026-07-05 23:27:37,236 INFO sqlalchemy.engine.Engine BEGIN (implicit)
2026-07-05 23:27:37,236 INFO sqlalchemy.engine.Engine SELECT product_sizes.id AS product_sizes_id, product_sizes.category_id AS product_sizes_category_id, product_sizes.name AS product_sizes_name, product_sizes.width AS product_sizes_width, product_sizes.height AS product_sizes_height, product_sizes.code AS product_sizes_code, product_sizes.sort_order AS product_sizes_sort_order, product_sizes.is_active AS product_sizes_is_active 
FROM product_sizes 
WHERE product_sizes.category_id = %(category_id_1)s AND product_sizes.is_active = true ORDER BY product_sizes.sort_order
2026-07-05 23:27:37,236 INFO sqlalchemy.engine.Engine [cached since 83.87s ago] {'category_id_1': 1}
2026-07-05 23:27:37,238 INFO sqlalchemy.engine.Engine ROLLBACK
INFO:     127.0.0.1:54581 - "GET /api/quote/sizes?category_id=1 HTTP/1.1" 200 OK
2026-07-05 23:27:37,244 INFO sqlalchemy.engine.Engine BEGIN (implicit)
2026-07-05 23:27:37,245 INFO sqlalchemy.engine.Engine SELECT product_sizes.id AS product_sizes_id, product_sizes.category_id AS product_sizes_category_id, product_sizes.name AS product_sizes_name, product_sizes.width AS product_sizes_width, product_sizes.height AS product_sizes_height, product_sizes.code AS product_sizes_code, product_sizes.sort_order AS product_sizes_sort_order, product_sizes.is_active AS product_sizes_is_active 
FROM product_sizes 
WHERE product_sizes.category_id = %(category_id_1)s AND product_sizes.is_active = true ORDER BY product_sizes.sort_order
2026-07-05 23:27:37,245 INFO sqlalchemy.engine.Engine [cached since 83.88s ago] {'category_id_1': 1}
2026-07-05 23:27:37,246 INFO sqlalchemy.engine.Engine ROLLBACK
INFO:     127.0.0.1:54583 - "GET /api/quote/sizes?category_id=1 HTTP/1.1" 200 OK
2026-07-05 23:27:37,277 INFO sqlalchemy.engine.Engine BEGIN (implicit)
2026-07-05 23:27:37,278 INFO sqlalchemy.engine.Engine SELECT printing_colors.id AS printing_colors_id, printing_colors.name AS printing_colors_name, printing_colors.code AS printing_colors_code, printing_colors.plate_count AS printing_colors_plate_count, printing_colors.color_type AS printing_colors_color_type, printing_colors.price_multiplier AS printing_colors_price_multiplier, printing_colors.sort_order AS printing_colors_sort_order, printing_colors.is_active AS printing_colors_is_active 
FROM printing_colors 
WHERE printing_colors.is_active = true ORDER BY printing_colors.sort_order
2026-07-05 23:27:37,278 INFO sqlalchemy.engine.Engine [generated in 0.00016s] {}
2026-07-05 23:27:37,282 INFO sqlalchemy.engine.Engine ROLLBACK
INFO:     127.0.0.1:54585 - "GET /api/quote/colors HTTP/1.1" 200 OK
2026-07-05 23:27:37,288 INFO sqlalchemy.engine.Engine BEGIN (implicit)
2026-07-05 23:27:37,289 INFO sqlalchemy.engine.Engine SELECT printing_colors.id AS printing_colors_id, printing_colors.name AS printing_colors_name, printing_colors.code AS printing_colors_code, printing_colors.plate_count AS printing_colors_plate_count, printing_colors.color_type AS printing_colors_color_type, printing_colors.price_multiplier AS printing_colors_price_multiplier, printing_colors.sort_order AS printing_colors_sort_order, printing_colors.is_active AS printing_colors_is_active 
FROM printing_colors 
WHERE printing_colors.is_active = true ORDER BY printing_colors.sort_order
2026-07-05 23:27:37,289 INFO sqlalchemy.engine.Engine [cached since 0.01045s ago] {}
2026-07-05 23:27:37,290 INFO sqlalchemy.engine.Engine ROLLBACK
INFO:     127.0.0.1:54587 - "GET /api/quote/colors HTTP/1.1" 200 OK
2026-07-05 23:27:49,206 INFO sqlalchemy.engine.Engine BEGIN (implicit)
2026-07-05 23:27:49,206 INFO sqlalchemy.engine.Engine SELECT product_sizes.id AS product_sizes_id, product_sizes.category_id AS product_sizes_category_id, product_sizes.name AS product_sizes_name, product_sizes.width AS product_sizes_width, product_sizes.height AS product_sizes_height, product_sizes.code AS product_sizes_code, product_sizes.sort_order AS product_sizes_sort_order, product_sizes.is_active AS product_sizes_is_active 
FROM product_sizes 
WHERE product_sizes.category_id = %(category_id_1)s AND product_sizes.is_active = true ORDER BY product_sizes.sort_order
2026-07-05 23:27:49,206 INFO sqlalchemy.engine.Engine [cached since 95.84s ago] {'category_id_1': 1}
2026-07-05 23:27:49,208 INFO sqlalchemy.engine.Engine ROLLBACK
INFO:     127.0.0.1:61838 - "GET /api/quote/sizes?category_id=1 HTTP/1.1" 200 OK
2026-07-05 23:27:49,214 INFO sqlalchemy.engine.Engine BEGIN (implicit)
2026-07-05 23:27:49,214 INFO sqlalchemy.engine.Engine SELECT product_sizes.id AS product_sizes_id, product_sizes.category_id AS product_sizes_category_id, product_sizes.name AS product_sizes_name, product_sizes.width AS product_sizes_width, product_sizes.height AS product_sizes_height, product_sizes.code AS product_sizes_code, product_sizes.sort_order AS product_sizes_sort_order, product_sizes.is_active AS product_sizes_is_active 
FROM product_sizes 
WHERE product_sizes.category_id = %(category_id_1)s AND product_sizes.is_active = true ORDER BY product_sizes.sort_order
2026-07-05 23:27:49,215 INFO sqlalchemy.engine.Engine [cached since 95.85s ago] {'category_id_1': 1}
2026-07-05 23:27:49,217 INFO sqlalchemy.engine.Engine ROLLBACK
INFO:     127.0.0.1:59796 - "GET /api/quote/sizes?category_id=1 HTTP/1.1" 200 OK
2026-07-05 23:27:49,221 INFO sqlalchemy.engine.Engine BEGIN (implicit)
2026-07-05 23:27:49,221 INFO sqlalchemy.engine.Engine SELECT printing_colors.id AS printing_colors_id, printing_colors.name AS printing_colors_name, printing_colors.code AS printing_colors_code, printing_colors.plate_count AS printing_colors_plate_count, printing_colors.color_type AS printing_colors_color_type, printing_colors.price_multiplier AS printing_colors_price_multiplier, printing_colors.sort_order AS printing_colors_sort_order, printing_colors.is_active AS printing_colors_is_active 
FROM printing_colors 
WHERE printing_colors.is_active = true ORDER BY printing_colors.sort_order
2026-07-05 23:27:49,221 INFO sqlalchemy.engine.Engine [cached since 11.94s ago] {}
2026-07-05 23:27:49,223 INFO sqlalchemy.engine.Engine ROLLBACK
INFO:     127.0.0.1:59798 - "GET /api/quote/colors HTTP/1.1" 200 OK
2026-07-05 23:27:49,228 INFO sqlalchemy.engine.Engine BEGIN (implicit)
2026-07-05 23:27:49,229 INFO sqlalchemy.engine.Engine SELECT printing_colors.id AS printing_colors_id, printing_colors.name AS printing_colors_name, printing_colors.code AS printing_colors_code, printing_colors.plate_count AS printing_colors_plate_count, printing_colors.color_type AS printing_colors_color_type, printing_colors.price_multiplier AS printing_colors_price_multiplier, printing_colors.sort_order AS printing_colors_sort_order, printing_colors.is_active AS printing_colors_is_active 
FROM printing_colors 
WHERE printing_colors.is_active = true ORDER BY printing_colors.sort_order
2026-07-05 23:27:49,229 INFO sqlalchemy.engine.Engine [cached since 11.95s ago] {}
2026-07-05 23:27:49,230 INFO sqlalchemy.engine.Engine ROLLBACK
INFO:     127.0.0.1:63561 - "GET /api/quote/colors HTTP/1.1" 200 OK
2026-07-05 23:27:53,142 INFO sqlalchemy.engine.Engine BEGIN (implicit)
2026-07-05 23:27:53,142 INFO sqlalchemy.engine.Engine SELECT product_sizes.id AS product_sizes_id, product_sizes.category_id AS product_sizes_category_id, product_sizes.name AS product_sizes_name, product_sizes.width AS product_sizes_width, product_sizes.height AS product_sizes_height, product_sizes.code AS product_sizes_code, product_sizes.sort_order AS product_sizes_sort_order, product_sizes.is_active AS product_sizes_is_active 
FROM product_sizes 
WHERE product_sizes.id = %(id_1)s 
 LIMIT %(param_1)s
2026-07-05 23:27:53,142 INFO sqlalchemy.engine.Engine [generated in 0.00014s] {'id_1': 1, 'param_1': 1}
2026-07-05 23:27:53,144 INFO sqlalchemy.engine.Engine SELECT printing_colors.id AS printing_colors_id, printing_colors.name AS printing_colors_name, printing_colors.code AS printing_colors_code, printing_colors.plate_count AS printing_colors_plate_count, printing_colors.color_type AS printing_colors_color_type, printing_colors.price_multiplier AS printing_colors_price_multiplier, printing_colors.sort_order AS printing_colors_sort_order, printing_colors.is_active AS printing_colors_is_active 
FROM printing_colors 
WHERE printing_colors.code = %(code_1)s 
 LIMIT %(param_1)s
2026-07-05 23:27:53,144 INFO sqlalchemy.engine.Engine [generated in 0.00012s] {'code_1': 'single_black', 'param_1': 1}
2026-07-05 23:27:53,146 INFO sqlalchemy.engine.Engine SELECT paper_specs.id AS paper_specs_id, paper_specs.name AS paper_specs_name, paper_specs.category AS paper_specs_category, paper_specs.gram_weight AS paper_specs_gram_weight, paper_specs.width AS paper_specs_width, paper_specs.height AS paper_specs_height, paper_specs.spec_name AS paper_specs_spec_name, paper_specs.price_per_sheet AS paper_specs_price_per_sheet, paper_specs.is_active AS paper_specs_is_active, paper_specs.created_at AS paper_specs_created_at, paper_specs.updated_at AS paper_specs_updated_at 
FROM paper_specs 
WHERE paper_specs.gram_weight = %(gram_weight_1)s AND paper_specs.is_active = true 
 LIMIT %(param_1)s
2026-07-05 23:27:53,146 INFO sqlalchemy.engine.Engine [generated in 0.00011s] {'gram_weight_1': 50, 'param_1': 1}
2026-07-05 23:27:53,148 INFO sqlalchemy.engine.Engine SELECT printing_machines.id AS printing_machines_id, printing_machines.name AS printing_machines_name, printing_machines.code AS printing_machines_code, printing_machines.max_width AS printing_machines_max_width, printing_machines.max_height AS printing_machines_max_height, printing_machines.machine_type AS printing_machines_machine_type, printing_machines.opening_fee AS printing_machines_opening_fee, printing_machines.price_per_thousand AS printing_machines_price_per_thousand, printing_machines.is_active AS printing_machines_is_active, printing_machines.created_at AS printing_machines_created_at, printing_machines.updated_at AS printing_machines_updated_at 
FROM printing_machines 
WHERE printing_machines.is_active = true
2026-07-05 23:27:53,148 INFO sqlalchemy.engine.Engine [generated in 0.00017s] {}
2026-07-05 23:27:53,150 INFO sqlalchemy.engine.Engine SELECT system_params.id AS system_params_id, system_params.param_key AS system_params_param_key, system_params.param_value AS system_params_param_value, system_params.param_type AS system_params_param_type, system_params.description AS system_params_description, system_params.updated_at AS system_params_updated_at 
FROM system_params 
WHERE system_params.param_key = %(param_key_1)s 
 LIMIT %(param_1)s
2026-07-05 23:27:53,150 INFO sqlalchemy.engine.Engine [generated in 0.00015s] {'param_key_1': 'default_paper_loss', 'param_1': 1}
2026-07-05 23:27:53,151 INFO sqlalchemy.engine.Engine SELECT system_params.id AS system_params_id, system_params.param_key AS system_params_param_key, system_params.param_value AS system_params_param_value, system_params.param_type AS system_params_param_type, system_params.description AS system_params_description, system_params.updated_at AS system_params_updated_at 
FROM system_params 
WHERE system_params.param_key = %(param_key_1)s 
 LIMIT %(param_1)s
2026-07-05 23:27:53,151 INFO sqlalchemy.engine.Engine [cached since 0.001275s ago] {'param_key_1': 'default_paper_loss', 'param_1': 1}
2026-07-05 23:27:53,154 INFO sqlalchemy.engine.Engine SELECT post_processing.id AS post_processing_id, post_processing.name AS post_processing_name, post_processing.code AS post_processing_code, post_processing.category AS post_processing_category, post_processing.price_type AS post_processing_price_type, post_processing.unit_price AS post_processing_unit_price, post_processing.min_charge AS post_processing_min_charge, post_processing.description AS post_processing_description, post_processing.is_active AS post_processing_is_active, post_processing.created_at AS post_processing_created_at, post_processing.updated_at AS post_processing_updated_at 
FROM post_processing 
WHERE post_processing.code = %(code_1)s AND post_processing.is_active = true 
 LIMIT %(param_1)s
2026-07-05 23:27:53,154 INFO sqlalchemy.engine.Engine [generated in 0.00011s] {'code_1': 'binding_left', 'param_1': 1}
2026-07-05 23:27:53,155 INFO sqlalchemy.engine.Engine SELECT system_params.id AS system_params_id, system_params.param_key AS system_params_param_key, system_params.param_value AS system_params_param_value, system_params.param_type AS system_params_param_type, system_params.description AS system_params_description, system_params.updated_at AS system_params_updated_at 
FROM system_params 
WHERE system_params.param_key = %(param_key_1)s 
 LIMIT %(param_1)s
2026-07-05 23:27:53,155 INFO sqlalchemy.engine.Engine [cached since 0.004995s ago] {'param_key_1': 'cost_markup_rate', 'param_1': 1}
2026-07-05 23:27:53,156 INFO sqlalchemy.engine.Engine SELECT product_sizes.id AS product_sizes_id, product_sizes.category_id AS product_sizes_category_id, product_sizes.name AS product_sizes_name, product_sizes.width AS product_sizes_width, product_sizes.height AS product_sizes_height, product_sizes.code AS product_sizes_code, product_sizes.sort_order AS product_sizes_sort_order, product_sizes.is_active AS product_sizes_is_active 
FROM product_sizes 
WHERE product_sizes.id = %(id_1)s 
 LIMIT %(param_1)s
2026-07-05 23:27:53,156 INFO sqlalchemy.engine.Engine [cached since 0.01351s ago] {'id_1': 1, 'param_1': 1}
2026-07-05 23:27:53,156 INFO sqlalchemy.engine.Engine SELECT printing_colors.id AS printing_colors_id, printing_colors.name AS printing_colors_name, printing_colors.code AS printing_colors_code, printing_colors.plate_count AS printing_colors_plate_count, printing_colors.color_type AS printing_colors_color_type, printing_colors.price_multiplier AS printing_colors_price_multiplier, printing_colors.sort_order AS printing_colors_sort_order, printing_colors.is_active AS printing_colors_is_active 
FROM printing_colors 
WHERE printing_colors.code = %(code_1)s 
 LIMIT %(param_1)s
2026-07-05 23:27:53,156 INFO sqlalchemy.engine.Engine [cached since 0.01263s ago] {'code_1': 'single_black', 'param_1': 1}
2026-07-05 23:27:53,157 INFO sqlalchemy.engine.Engine SELECT paper_specs.id AS paper_specs_id, paper_specs.name AS paper_specs_name, paper_specs.category AS paper_specs_category, paper_specs.gram_weight AS paper_specs_gram_weight, paper_specs.width AS paper_specs_width, paper_specs.height AS paper_specs_height, paper_specs.spec_name AS paper_specs_spec_name, paper_specs.price_per_sheet AS paper_specs_price_per_sheet, paper_specs.is_active AS paper_specs_is_active, paper_specs.created_at AS paper_specs_created_at, paper_specs.updated_at AS paper_specs_updated_at 
FROM paper_specs 
WHERE paper_specs.gram_weight = %(gram_weight_1)s AND paper_specs.is_active = true 
 LIMIT %(param_1)s
2026-07-05 23:27:53,157 INFO sqlalchemy.engine.Engine [cached since 0.01165s ago] {'gram_weight_1': 50, 'param_1': 1}
2026-07-05 23:27:53,158 INFO sqlalchemy.engine.Engine SELECT printing_machines.id AS printing_machines_id, printing_machines.name AS printing_machines_name, printing_machines.code AS printing_machines_code, printing_machines.max_width AS printing_machines_max_width, printing_machines.max_height AS printing_machines_max_height, printing_machines.machine_type AS printing_machines_machine_type, printing_machines.opening_fee AS printing_machines_opening_fee, printing_machines.price_per_thousand AS printing_machines_price_per_thousand, printing_machines.is_active AS printing_machines_is_active, printing_machines.created_at AS printing_machines_created_at, printing_machines.updated_at AS printing_machines_updated_at 
FROM printing_machines 
WHERE printing_machines.is_active = true
2026-07-05 23:27:53,158 INFO sqlalchemy.engine.Engine [cached since 0.0103s ago] {}
2026-07-05 23:27:53,159 INFO sqlalchemy.engine.Engine SELECT system_params.id AS system_params_id, system_params.param_key AS system_params_param_key, system_params.param_value AS system_params_param_value, system_params.param_type AS system_params_param_type, system_params.description AS system_params_description, system_params.updated_at AS system_params_updated_at 
FROM system_params 
WHERE system_params.param_key = %(param_key_1)s 
 LIMIT %(param_1)s
2026-07-05 23:27:53,159 INFO sqlalchemy.engine.Engine [cached since 0.008812s ago] {'param_key_1': 'default_paper_loss', 'param_1': 1}
2026-07-05 23:27:53,160 INFO sqlalchemy.engine.Engine SELECT system_params.id AS system_params_id, system_params.param_key AS system_params_param_key, system_params.param_value AS system_params_param_value, system_params.param_type AS system_params_param_type, system_params.description AS system_params_description, system_params.updated_at AS system_params_updated_at 
FROM system_params 
WHERE system_params.param_key = %(param_key_1)s 
 LIMIT %(param_1)s
2026-07-05 23:27:53,160 INFO sqlalchemy.engine.Engine [cached since 0.009501s ago] {'param_key_1': 'default_paper_loss', 'param_1': 1}
2026-07-05 23:27:53,160 INFO sqlalchemy.engine.Engine SELECT post_processing.id AS post_processing_id, post_processing.name AS post_processing_name, post_processing.code AS post_processing_code, post_processing.category AS post_processing_category, post_processing.price_type AS post_processing_price_type, post_processing.unit_price AS post_processing_unit_price, post_processing.min_charge AS post_processing_min_charge, post_processing.description AS post_processing_description, post_processing.is_active AS post_processing_is_active, post_processing.created_at AS post_processing_created_at, post_processing.updated_at AS post_processing_updated_at 
FROM post_processing 
WHERE post_processing.code = %(code_1)s AND post_processing.is_active = true 
 LIMIT %(param_1)s
2026-07-05 23:27:53,160 INFO sqlalchemy.engine.Engine [cached since 0.006425s ago] {'code_1': 'binding_left', 'param_1': 1}
2026-07-05 23:27:53,161 INFO sqlalchemy.engine.Engine SELECT system_params.id AS system_params_id, system_params.param_key AS system_params_param_key, system_params.param_value AS system_params_param_value, system_params.param_type AS system_params_param_type, system_params.description AS system_params_description, system_params.updated_at AS system_params_updated_at 
FROM system_params 
WHERE system_params.param_key = %(param_key_1)s 
 LIMIT %(param_1)s
2026-07-05 23:27:53,161 INFO sqlalchemy.engine.Engine [cached since 0.01093s ago] {'param_key_1': 'cost_markup_rate', 'param_1': 1}
2026-07-05 23:27:53,162 INFO sqlalchemy.engine.Engine SELECT product_sizes.id AS product_sizes_id, product_sizes.category_id AS product_sizes_category_id, product_sizes.name AS product_sizes_name, product_sizes.width AS product_sizes_width, product_sizes.height AS product_sizes_height, product_sizes.code AS product_sizes_code, product_sizes.sort_order AS product_sizes_sort_order, product_sizes.is_active AS product_sizes_is_active 
FROM product_sizes 
WHERE product_sizes.id = %(id_1)s 
 LIMIT %(param_1)s
2026-07-05 23:27:53,162 INFO sqlalchemy.engine.Engine [cached since 0.01945s ago] {'id_1': 1, 'param_1': 1}
2026-07-05 23:27:53,162 INFO sqlalchemy.engine.Engine SELECT printing_colors.id AS printing_colors_id, printing_colors.name AS printing_colors_name, printing_colors.code AS printing_colors_code, printing_colors.plate_count AS printing_colors_plate_count, printing_colors.color_type AS printing_colors_color_type, printing_colors.price_multiplier AS printing_colors_price_multiplier, printing_colors.sort_order AS printing_colors_sort_order, printing_colors.is_active AS printing_colors_is_active 
FROM printing_colors 
WHERE printing_colors.code = %(code_1)s 
 LIMIT %(param_1)s
2026-07-05 23:27:53,162 INFO sqlalchemy.engine.Engine [cached since 0.0186s ago] {'code_1': 'single_black', 'param_1': 1}
2026-07-05 23:27:53,163 INFO sqlalchemy.engine.Engine SELECT paper_specs.id AS paper_specs_id, paper_specs.name AS paper_specs_name, paper_specs.category AS paper_specs_category, paper_specs.gram_weight AS paper_specs_gram_weight, paper_specs.width AS paper_specs_width, paper_specs.height AS paper_specs_height, paper_specs.spec_name AS paper_specs_spec_name, paper_specs.price_per_sheet AS paper_specs_price_per_sheet, paper_specs.is_active AS paper_specs_is_active, paper_specs.created_at AS paper_specs_created_at, paper_specs.updated_at AS paper_specs_updated_at 
FROM paper_specs 
WHERE paper_specs.gram_weight = %(gram_weight_1)s AND paper_specs.is_active = true 
 LIMIT %(param_1)s
2026-07-05 23:27:53,163 INFO sqlalchemy.engine.Engine [cached since 0.01742s ago] {'gram_weight_1': 50, 'param_1': 1}
2026-07-05 23:27:53,164 INFO sqlalchemy.engine.Engine SELECT printing_machines.id AS printing_machines_id, printing_machines.name AS printing_machines_name, printing_machines.code AS printing_machines_code, printing_machines.max_width AS printing_machines_max_width, printing_machines.max_height AS printing_machines_max_height, printing_machines.machine_type AS printing_machines_machine_type, printing_machines.opening_fee AS printing_machines_opening_fee, printing_machines.price_per_thousand AS printing_machines_price_per_thousand, printing_machines.is_active AS printing_machines_is_active, printing_machines.created_at AS printing_machines_created_at, printing_machines.updated_at AS printing_machines_updated_at 
FROM printing_machines 
WHERE printing_machines.is_active = true
2026-07-05 23:27:53,164 INFO sqlalchemy.engine.Engine [cached since 0.01625s ago] {}
2026-07-05 23:27:53,165 INFO sqlalchemy.engine.Engine SELECT system_params.id AS system_params_id, system_params.param_key AS system_params_param_key, system_params.param_value AS system_params_param_value, system_params.param_type AS system_params_param_type, system_params.description AS system_params_description, system_params.updated_at AS system_params_updated_at 
FROM system_params 
WHERE system_params.param_key = %(param_key_1)s 
 LIMIT %(param_1)s
2026-07-05 23:27:53,165 INFO sqlalchemy.engine.Engine [cached since 0.01513s ago] {'param_key_1': 'default_paper_loss', 'param_1': 1}
2026-07-05 23:27:53,166 INFO sqlalchemy.engine.Engine SELECT system_params.id AS system_params_id, system_params.param_key AS system_params_param_key, system_params.param_value AS system_params_param_value, system_params.param_type AS system_params_param_type, system_params.description AS system_params_description, system_params.updated_at AS system_params_updated_at 
FROM system_params 
WHERE system_params.param_key = %(param_key_1)s 
 LIMIT %(param_1)s
2026-07-05 23:27:53,166 INFO sqlalchemy.engine.Engine [cached since 0.01625s ago] {'param_key_1': 'default_paper_loss', 'param_1': 1}
2026-07-05 23:27:53,167 INFO sqlalchemy.engine.Engine SELECT post_processing.id AS post_processing_id, post_processing.name AS post_processing_name, post_processing.code AS post_processing_code, post_processing.category AS post_processing_category, post_processing.price_type AS post_processing_price_type, post_processing.unit_price AS post_processing_unit_price, post_processing.min_charge AS post_processing_min_charge, post_processing.description AS post_processing_description, post_processing.is_active AS post_processing_is_active, post_processing.created_at AS post_processing_created_at, post_processing.updated_at AS post_processing_updated_at 
FROM post_processing 
WHERE post_processing.code = %(code_1)s AND post_processing.is_active = true 
 LIMIT %(param_1)s
2026-07-05 23:27:53,167 INFO sqlalchemy.engine.Engine [cached since 0.01325s ago] {'code_1': 'binding_left', 'param_1': 1}
2026-07-05 23:27:53,168 INFO sqlalchemy.engine.Engine SELECT system_params.id AS system_params_id, system_params.param_key AS system_params_param_key, system_params.param_value AS system_params_param_value, system_params.param_type AS system_params_param_type, system_params.description AS system_params_description, system_params.updated_at AS system_params_updated_at 
FROM system_params 
WHERE system_params.param_key = %(param_key_1)s 
 LIMIT %(param_1)s
2026-07-05 23:27:53,168 INFO sqlalchemy.engine.Engine [cached since 0.01778s ago] {'param_key_1': 'cost_markup_rate', 'param_1': 1}
2026-07-05 23:27:53,168 INFO sqlalchemy.engine.Engine SELECT product_sizes.id AS product_sizes_id, product_sizes.category_id AS product_sizes_category_id, product_sizes.name AS product_sizes_name, product_sizes.width AS product_sizes_width, product_sizes.height AS product_sizes_height, product_sizes.code AS product_sizes_code, product_sizes.sort_order AS product_sizes_sort_order, product_sizes.is_active AS product_sizes_is_active 
FROM product_sizes 
WHERE product_sizes.id = %(id_1)s 
 LIMIT %(param_1)s
2026-07-05 23:27:53,169 INFO sqlalchemy.engine.Engine [cached since 0.02631s ago] {'id_1': 1, 'param_1': 1}
2026-07-05 23:27:53,169 INFO sqlalchemy.engine.Engine SELECT printing_colors.id AS printing_colors_id, printing_colors.name AS printing_colors_name, printing_colors.code AS printing_colors_code, printing_colors.plate_count AS printing_colors_plate_count, printing_colors.color_type AS printing_colors_color_type, printing_colors.price_multiplier AS printing_colors_price_multiplier, printing_colors.sort_order AS printing_colors_sort_order, printing_colors.is_active AS printing_colors_is_active 
FROM printing_colors 
WHERE printing_colors.code = %(code_1)s 
 LIMIT %(param_1)s
2026-07-05 23:27:53,169 INFO sqlalchemy.engine.Engine [cached since 0.02551s ago] {'code_1': 'single_black', 'param_1': 1}
2026-07-05 23:27:53,170 INFO sqlalchemy.engine.Engine SELECT paper_specs.id AS paper_specs_id, paper_specs.name AS paper_specs_name, paper_specs.category AS paper_specs_category, paper_specs.gram_weight AS paper_specs_gram_weight, paper_specs.width AS paper_specs_width, paper_specs.height AS paper_specs_height, paper_specs.spec_name AS paper_specs_spec_name, paper_specs.price_per_sheet AS paper_specs_price_per_sheet, paper_specs.is_active AS paper_specs_is_active, paper_specs.created_at AS paper_specs_created_at, paper_specs.updated_at AS paper_specs_updated_at 
FROM paper_specs 
WHERE paper_specs.gram_weight = %(gram_weight_1)s AND paper_specs.is_active = true 
 LIMIT %(param_1)s
2026-07-05 23:27:53,170 INFO sqlalchemy.engine.Engine [cached since 0.02439s ago] {'gram_weight_1': 50, 'param_1': 1}
2026-07-05 23:27:53,171 INFO sqlalchemy.engine.Engine SELECT printing_machines.id AS printing_machines_id, printing_machines.name AS printing_machines_name, printing_machines.code AS printing_machines_code, printing_machines.max_width AS printing_machines_max_width, printing_machines.max_height AS printing_machines_max_height, printing_machines.machine_type AS printing_machines_machine_type, printing_machines.opening_fee AS printing_machines_opening_fee, printing_machines.price_per_thousand AS printing_machines_price_per_thousand, printing_machines.is_active AS printing_machines_is_active, printing_machines.created_at AS printing_machines_created_at, printing_machines.updated_at AS printing_machines_updated_at 
FROM printing_machines 
WHERE printing_machines.is_active = true
2026-07-05 23:27:53,171 INFO sqlalchemy.engine.Engine [cached since 0.02302s ago] {}
2026-07-05 23:27:53,171 INFO sqlalchemy.engine.Engine SELECT system_params.id AS system_params_id, system_params.param_key AS system_params_param_key, system_params.param_value AS system_params_param_value, system_params.param_type AS system_params_param_type, system_params.description AS system_params_description, system_params.updated_at AS system_params_updated_at 
FROM system_params 
WHERE system_params.param_key = %(param_key_1)s 
 LIMIT %(param_1)s
2026-07-05 23:27:53,172 INFO sqlalchemy.engine.Engine [cached since 0.02146s ago] {'param_key_1': 'default_paper_loss', 'param_1': 1}
2026-07-05 23:27:53,172 INFO sqlalchemy.engine.Engine SELECT system_params.id AS system_params_id, system_params.param_key AS system_params_param_key, system_params.param_value AS system_params_param_value, system_params.param_type AS system_params_param_type, system_params.description AS system_params_description, system_params.updated_at AS system_params_updated_at 
FROM system_params 
WHERE system_params.param_key = %(param_key_1)s 
 LIMIT %(param_1)s
2026-07-05 23:27:53,172 INFO sqlalchemy.engine.Engine [cached since 0.02212s ago] {'param_key_1': 'default_paper_loss', 'param_1': 1}
2026-07-05 23:27:53,173 INFO sqlalchemy.engine.Engine SELECT post_processing.id AS post_processing_id, post_processing.name AS post_processing_name, post_processing.code AS post_processing_code, post_processing.category AS post_processing_category, post_processing.price_type AS post_processing_price_type, post_processing.unit_price AS post_processing_unit_price, post_processing.min_charge AS post_processing_min_charge, post_processing.description AS post_processing_description, post_processing.is_active AS post_processing_is_active, post_processing.created_at AS post_processing_created_at, post_processing.updated_at AS post_processing_updated_at 
FROM post_processing 
WHERE post_processing.code = %(code_1)s AND post_processing.is_active = true 
 LIMIT %(param_1)s
2026-07-05 23:27:53,173 INFO sqlalchemy.engine.Engine [cached since 0.01921s ago] {'code_1': 'binding_left', 'param_1': 1}
2026-07-05 23:27:53,174 INFO sqlalchemy.engine.Engine SELECT system_params.id AS system_params_id, system_params.param_key AS system_params_param_key, system_params.param_value AS system_params_param_value, system_params.param_type AS system_params_param_type, system_params.description AS system_params_description, system_params.updated_at AS system_params_updated_at 
FROM system_params 
WHERE system_params.param_key = %(param_key_1)s 
 LIMIT %(param_1)s
2026-07-05 23:27:53,174 INFO sqlalchemy.engine.Engine [cached since 0.02388s ago] {'param_key_1': 'cost_markup_rate', 'param_1': 1}
2026-07-05 23:27:53,175 INFO sqlalchemy.engine.Engine SELECT product_sizes.id AS product_sizes_id, product_sizes.category_id AS product_sizes_category_id, product_sizes.name AS product_sizes_name, product_sizes.width AS product_sizes_width, product_sizes.height AS product_sizes_height, product_sizes.code AS product_sizes_code, product_sizes.sort_order AS product_sizes_sort_order, product_sizes.is_active AS product_sizes_is_active 
FROM product_sizes 
WHERE product_sizes.id = %(id_1)s 
 LIMIT %(param_1)s
2026-07-05 23:27:53,175 INFO sqlalchemy.engine.Engine [cached since 0.03242s ago] {'id_1': 1, 'param_1': 1}
2026-07-05 23:27:53,175 INFO sqlalchemy.engine.Engine SELECT printing_colors.id AS printing_colors_id, printing_colors.name AS printing_colors_name, printing_colors.code AS printing_colors_code, printing_colors.plate_count AS printing_colors_plate_count, printing_colors.color_type AS printing_colors_color_type, printing_colors.price_multiplier AS printing_colors_price_multiplier, printing_colors.sort_order AS printing_colors_sort_order, printing_colors.is_active AS printing_colors_is_active 
FROM printing_colors 
WHERE printing_colors.code = %(code_1)s 
 LIMIT %(param_1)s
2026-07-05 23:27:53,175 INFO sqlalchemy.engine.Engine [cached since 0.0316s ago] {'code_1': 'single_black', 'param_1': 1}
2026-07-05 23:27:53,176 INFO sqlalchemy.engine.Engine SELECT paper_specs.id AS paper_specs_id, paper_specs.name AS paper_specs_name, paper_specs.category AS paper_specs_category, paper_specs.gram_weight AS paper_specs_gram_weight, paper_specs.width AS paper_specs_width, paper_specs.height AS paper_specs_height, paper_specs.spec_name AS paper_specs_spec_name, paper_specs.price_per_sheet AS paper_specs_price_per_sheet, paper_specs.is_active AS paper_specs_is_active, paper_specs.created_at AS paper_specs_created_at, paper_specs.updated_at AS paper_specs_updated_at 
FROM paper_specs 
WHERE paper_specs.gram_weight = %(gram_weight_1)s AND paper_specs.is_active = true 
 LIMIT %(param_1)s
2026-07-05 23:27:53,176 INFO sqlalchemy.engine.Engine [cached since 0.03063s ago] {'gram_weight_1': 50, 'param_1': 1}
2026-07-05 23:27:53,177 INFO sqlalchemy.engine.Engine SELECT printing_machines.id AS printing_machines_id, printing_machines.name AS printing_machines_name, printing_machines.code AS printing_machines_code, printing_machines.max_width AS printing_machines_max_width, printing_machines.max_height AS printing_machines_max_height, printing_machines.machine_type AS printing_machines_machine_type, printing_machines.opening_fee AS printing_machines_opening_fee, printing_machines.price_per_thousand AS printing_machines_price_per_thousand, printing_machines.is_active AS printing_machines_is_active, printing_machines.created_at AS printing_machines_created_at, printing_machines.updated_at AS printing_machines_updated_at 
FROM printing_machines 
WHERE printing_machines.is_active = true
2026-07-05 23:27:53,177 INFO sqlalchemy.engine.Engine [cached since 0.02929s ago] {}
2026-07-05 23:27:53,178 INFO sqlalchemy.engine.Engine SELECT system_params.id AS system_params_id, system_params.param_key AS system_params_param_key, system_params.param_value AS system_params_param_value, system_params.param_type AS system_params_param_type, system_params.description AS system_params_description, system_params.updated_at AS system_params_updated_at 
FROM system_params 
WHERE system_params.param_key = %(param_key_1)s 
 LIMIT %(param_1)s
2026-07-05 23:27:53,178 INFO sqlalchemy.engine.Engine [cached since 0.02774s ago] {'param_key_1': 'default_paper_loss', 'param_1': 1}
2026-07-05 23:27:53,179 INFO sqlalchemy.engine.Engine SELECT system_params.id AS system_params_id, system_params.param_key AS system_params_param_key, system_params.param_value AS system_params_param_value, system_params.param_type AS system_params_param_type, system_params.description AS system_params_description, system_params.updated_at AS system_params_updated_at 
FROM system_params 
WHERE system_params.param_key = %(param_key_1)s 
 LIMIT %(param_1)s
2026-07-05 23:27:53,179 INFO sqlalchemy.engine.Engine [cached since 0.02884s ago] {'param_key_1': 'default_paper_loss', 'param_1': 1}
2026-07-05 23:27:53,180 INFO sqlalchemy.engine.Engine SELECT post_processing.id AS post_processing_id, post_processing.name AS post_processing_name, post_processing.code AS post_processing_code, post_processing.category AS post_processing_category, post_processing.price_type AS post_processing_price_type, post_processing.unit_price AS post_processing_unit_price, post_processing.min_charge AS post_processing_min_charge, post_processing.description AS post_processing_description, post_processing.is_active AS post_processing_is_active, post_processing.created_at AS post_processing_created_at, post_processing.updated_at AS post_processing_updated_at 
FROM post_processing 
WHERE post_processing.code = %(code_1)s AND post_processing.is_active = true 
 LIMIT %(param_1)s
2026-07-05 23:27:53,180 INFO sqlalchemy.engine.Engine [cached since 0.02592s ago] {'code_1': 'binding_left', 'param_1': 1}
2026-07-05 23:27:53,181 INFO sqlalchemy.engine.Engine SELECT system_params.id AS system_params_id, system_params.param_key AS system_params_param_key, system_params.param_value AS system_params_param_value, system_params.param_type AS system_params_param_type, system_params.description AS system_params_description, system_params.updated_at AS system_params_updated_at 
FROM system_params 
WHERE system_params.param_key = %(param_key_1)s 
 LIMIT %(param_1)s
2026-07-05 23:27:53,181 INFO sqlalchemy.engine.Engine [cached since 0.03064s ago] {'param_key_1': 'cost_markup_rate', 'param_1': 1}
2026-07-05 23:27:53,182 INFO sqlalchemy.engine.Engine SELECT product_sizes.id AS product_sizes_id, product_sizes.category_id AS product_sizes_category_id, product_sizes.name AS product_sizes_name, product_sizes.width AS product_sizes_width, product_sizes.height AS product_sizes_height, product_sizes.code AS product_sizes_code, product_sizes.sort_order AS product_sizes_sort_order, product_sizes.is_active AS product_sizes_is_active 
FROM product_sizes 
WHERE product_sizes.id = %(id_1)s 
 LIMIT %(param_1)s
2026-07-05 23:27:53,182 INFO sqlalchemy.engine.Engine [cached since 0.03961s ago] {'id_1': 1, 'param_1': 1}
2026-07-05 23:27:53,184 INFO sqlalchemy.engine.Engine SELECT printing_colors.id AS printing_colors_id, printing_colors.name AS printing_colors_name, printing_colors.code AS printing_colors_code, printing_colors.plate_count AS printing_colors_plate_count, printing_colors.color_type AS printing_colors_color_type, printing_colors.price_multiplier AS printing_colors_price_multiplier, printing_colors.sort_order AS printing_colors_sort_order, printing_colors.is_active AS printing_colors_is_active 
FROM printing_colors 
WHERE printing_colors.code = %(code_1)s 
 LIMIT %(param_1)s
2026-07-05 23:27:53,184 INFO sqlalchemy.engine.Engine [cached since 0.03997s ago] {'code_1': 'single_black', 'param_1': 1}
2026-07-05 23:27:53,185 INFO sqlalchemy.engine.Engine SELECT paper_specs.id AS paper_specs_id, paper_specs.name AS paper_specs_name, paper_specs.category AS paper_specs_category, paper_specs.gram_weight AS paper_specs_gram_weight, paper_specs.width AS paper_specs_width, paper_specs.height AS paper_specs_height, paper_specs.spec_name AS paper_specs_spec_name, paper_specs.price_per_sheet AS paper_specs_price_per_sheet, paper_specs.is_active AS paper_specs_is_active, paper_specs.created_at AS paper_specs_created_at, paper_specs.updated_at AS paper_specs_updated_at 
FROM paper_specs 
WHERE paper_specs.gram_weight = %(gram_weight_1)s AND paper_specs.is_active = true 
 LIMIT %(param_1)s
2026-07-05 23:27:53,185 INFO sqlalchemy.engine.Engine [cached since 0.03938s ago] {'gram_weight_1': 50, 'param_1': 1}
2026-07-05 23:27:53,186 INFO sqlalchemy.engine.Engine SELECT printing_machines.id AS printing_machines_id, printing_machines.name AS printing_machines_name, printing_machines.code AS printing_machines_code, printing_machines.max_width AS printing_machines_max_width, printing_machines.max_height AS printing_machines_max_height, printing_machines.machine_type AS printing_machines_machine_type, printing_machines.opening_fee AS printing_machines_opening_fee, printing_machines.price_per_thousand AS printing_machines_price_per_thousand, printing_machines.is_active AS printing_machines_is_active, printing_machines.created_at AS printing_machines_created_at, printing_machines.updated_at AS printing_machines_updated_at 
FROM printing_machines 
WHERE printing_machines.is_active = true
2026-07-05 23:27:53,186 INFO sqlalchemy.engine.Engine [cached since 0.03803s ago] {}
2026-07-05 23:27:53,187 INFO sqlalchemy.engine.Engine SELECT system_params.id AS system_params_id, system_params.param_key AS system_params_param_key, system_params.param_value AS system_params_param_value, system_params.param_type AS system_params_param_type, system_params.description AS system_params_description, system_params.updated_at AS system_params_updated_at 
FROM system_params 
WHERE system_params.param_key = %(param_key_1)s 
 LIMIT %(param_1)s
2026-07-05 23:27:53,187 INFO sqlalchemy.engine.Engine [cached since 0.0365s ago] {'param_key_1': 'default_paper_loss', 'param_1': 1}
2026-07-05 23:27:53,187 INFO sqlalchemy.engine.Engine SELECT system_params.id AS system_params_id, system_params.param_key AS system_params_param_key, system_params.param_value AS system_params_param_value, system_params.param_type AS system_params_param_type, system_params.description AS system_params_description, system_params.updated_at AS system_params_updated_at 
FROM system_params 
WHERE system_params.param_key = %(param_key_1)s 
 LIMIT %(param_1)s
2026-07-05 23:27:53,187 INFO sqlalchemy.engine.Engine [cached since 0.03721s ago] {'param_key_1': 'default_paper_loss', 'param_1': 1}
2026-07-05 23:27:53,188 INFO sqlalchemy.engine.Engine SELECT post_processing.id AS post_processing_id, post_processing.name AS post_processing_name, post_processing.code AS post_processing_code, post_processing.category AS post_processing_category, post_processing.price_type AS post_processing_price_type, post_processing.unit_price AS post_processing_unit_price, post_processing.min_charge AS post_processing_min_charge, post_processing.description AS post_processing_description, post_processing.is_active AS post_processing_is_active, post_processing.created_at AS post_processing_created_at, post_processing.updated_at AS post_processing_updated_at 
FROM post_processing 
WHERE post_processing.code = %(code_1)s AND post_processing.is_active = true 
 LIMIT %(param_1)s
2026-07-05 23:27:53,188 INFO sqlalchemy.engine.Engine [cached since 0.03458s ago] {'code_1': 'binding_left', 'param_1': 1}
2026-07-05 23:27:53,190 INFO sqlalchemy.engine.Engine SELECT system_params.id AS system_params_id, system_params.param_key AS system_params_param_key, system_params.param_value AS system_params_param_value, system_params.param_type AS system_params_param_type, system_params.description AS system_params_description, system_params.updated_at AS system_params_updated_at 
FROM system_params 
WHERE system_params.param_key = %(param_key_1)s 
 LIMIT %(param_1)s
2026-07-05 23:27:53,190 INFO sqlalchemy.engine.Engine [cached since 0.03963s ago] {'param_key_1': 'cost_markup_rate', 'param_1': 1}
2026-07-05 23:27:53,192 INFO sqlalchemy.engine.Engine INSERT INTO quote_records (category_id, quote_no, customer_name, product_name, form_data, cost_breakdown, unit_price, total_price, quantity) VALUES (%(category_id)s, %(quote_no)s, %(customer_name)s, %(product_name)s, %(form_data)s, %(cost_breakdown)s, %(unit_price)s, %(total_price)s, %(quantity)s)
2026-07-05 23:27:53,192 INFO sqlalchemy.engine.Engine [generated in 0.00018s] {'category_id': 1, 'quote_no': None, 'customer_name': '', 'product_name': '', 'form_data': '{"size_id": 1, "quantity": 100, "sheet_count": 3, "pages_per_book": 99, "color_code": "single_black", "gram_weight": 50, "post_processing": ["binding_left"], "custom_width": null, "custom_height": null, "profit_rate": null, "customer_name": "", "product_name": ""}', 'cost_breakdown': '{"paper_cost": 255.02, "printing_cost": 119.1, "post_processing_cost": 20.0, "production_cost": 394.12, "cost_addon": 240.02, "total_cost": 634.14}', 'unit_price': 6.341, 'total_price': 634.14, 'quantity': 100}
2026-07-05 23:27:53,195 INFO sqlalchemy.engine.Engine COMMIT
INFO:     127.0.0.1:60655 - "POST /api/quote/liandan HTTP/1.1" 200 OK
2026-07-05 23:28:19,627 INFO sqlalchemy.engine.Engine BEGIN (implicit)
2026-07-05 23:28:19,627 INFO sqlalchemy.engine.Engine SELECT product_sizes.id AS product_sizes_id, product_sizes.category_id AS product_sizes_category_id, product_sizes.name AS product_sizes_name, product_sizes.width AS product_sizes_width, product_sizes.height AS product_sizes_height, product_sizes.code AS product_sizes_code, product_sizes.sort_order AS product_sizes_sort_order, product_sizes.is_active AS product_sizes_is_active 
FROM product_sizes 
WHERE product_sizes.category_id = %(category_id_1)s AND product_sizes.is_active = true ORDER BY product_sizes.sort_order
2026-07-05 23:28:19,627 INFO sqlalchemy.engine.Engine [cached since 126.3s ago] {'category_id_1': 1}
2026-07-05 23:28:19,629 INFO sqlalchemy.engine.Engine ROLLBACK
INFO:     127.0.0.1:55058 - "GET /api/quote/sizes?category_id=1 HTTP/1.1" 200 OK
2026-07-05 23:28:19,635 INFO sqlalchemy.engine.Engine BEGIN (implicit)
2026-07-05 23:28:19,635 INFO sqlalchemy.engine.Engine SELECT product_sizes.id AS product_sizes_id, product_sizes.category_id AS product_sizes_category_id, product_sizes.name AS product_sizes_name, product_sizes.width AS product_sizes_width, product_sizes.height AS product_sizes_height, product_sizes.code AS product_sizes_code, product_sizes.sort_order AS product_sizes_sort_order, product_sizes.is_active AS product_sizes_is_active 
FROM product_sizes 
WHERE product_sizes.category_id = %(category_id_1)s AND product_sizes.is_active = true ORDER BY product_sizes.sort_order
2026-07-05 23:28:19,635 INFO sqlalchemy.engine.Engine [cached since 126.3s ago] {'category_id_1': 1}
2026-07-05 23:28:19,638 INFO sqlalchemy.engine.Engine ROLLBACK
2026-07-05 23:28:19,663 INFO sqlalchemy.engine.Engine BEGIN (implicit)
2026-07-05 23:28:19,663 INFO sqlalchemy.engine.Engine SELECT printing_colors.id AS printing_colors_id, printing_colors.name AS printing_colors_name, printing_colors.code AS printing_colors_code, printing_colors.plate_count AS printing_colors_plate_count, printing_colors.color_type AS printing_colors_color_type, printing_colors.price_multiplier AS printing_colors_price_multiplier, printing_colors.sort_order AS printing_colors_sort_order, printing_colors.is_active AS printing_colors_is_active 
FROM printing_colors 
WHERE printing_colors.is_active = true ORDER BY printing_colors.sort_order
2026-07-05 23:28:19,663 INFO sqlalchemy.engine.Engine [cached since 42.38s ago] {}
INFO:     127.0.0.1:57014 - "GET /api/quote/sizes?category_id=1 HTTP/1.1" 200 OK
2026-07-05 23:28:19,665 INFO sqlalchemy.engine.Engine ROLLBACK
INFO:     127.0.0.1:60534 - "GET /api/quote/colors HTTP/1.1" 200 OK
2026-07-05 23:28:19,672 INFO sqlalchemy.engine.Engine BEGIN (implicit)
2026-07-05 23:28:19,672 INFO sqlalchemy.engine.Engine SELECT printing_colors.id AS printing_colors_id, printing_colors.name AS printing_colors_name, printing_colors.code AS printing_colors_code, printing_colors.plate_count AS printing_colors_plate_count, printing_colors.color_type AS printing_colors_color_type, printing_colors.price_multiplier AS printing_colors_price_multiplier, printing_colors.sort_order AS printing_colors_sort_order, printing_colors.is_active AS printing_colors_is_active 
FROM printing_colors 
WHERE printing_colors.is_active = true ORDER BY printing_colors.sort_order
2026-07-05 23:28:19,672 INFO sqlalchemy.engine.Engine [cached since 42.39s ago] {}
2026-07-05 23:28:19,673 INFO sqlalchemy.engine.Engine ROLLBACK
INFO:     127.0.0.1:63447 - "GET /api/quote/colors HTTP/1.1" 200 OK
2026-07-05 23:29:21,831 INFO sqlalchemy.engine.Engine BEGIN (implicit)
2026-07-05 23:29:21,831 INFO sqlalchemy.engine.Engine SELECT product_sizes.id AS product_sizes_id, product_sizes.category_id AS product_sizes_category_id, product_sizes.name AS product_sizes_name, product_sizes.width AS product_sizes_width, product_sizes.height AS product_sizes_height, product_sizes.code AS product_sizes_code, product_sizes.sort_order AS product_sizes_sort_order, product_sizes.is_active AS product_sizes_is_active 
FROM product_sizes 
WHERE product_sizes.category_id = %(category_id_1)s AND product_sizes.is_active = true ORDER BY product_sizes.sort_order
2026-07-05 23:29:21,831 INFO sqlalchemy.engine.Engine [cached since 188.5s ago] {'category_id_1': 1}
2026-07-05 23:29:21,834 INFO sqlalchemy.engine.Engine ROLLBACK
INFO:     127.0.0.1:60089 - "GET /api/quote/sizes?category_id=1 HTTP/1.1" 200 OK
2026-07-05 23:29:21,841 INFO sqlalchemy.engine.Engine BEGIN (implicit)
2026-07-05 23:29:21,841 INFO sqlalchemy.engine.Engine SELECT product_sizes.id AS product_sizes_id, product_sizes.category_id AS product_sizes_category_id, product_sizes.name AS product_sizes_name, product_sizes.width AS product_sizes_width, product_sizes.height AS product_sizes_height, product_sizes.code AS product_sizes_code, product_sizes.sort_order AS product_sizes_sort_order, product_sizes.is_active AS product_sizes_is_active 
FROM product_sizes 
WHERE product_sizes.category_id = %(category_id_1)s AND product_sizes.is_active = true ORDER BY product_sizes.sort_order
2026-07-05 23:29:21,841 INFO sqlalchemy.engine.Engine [cached since 188.5s ago] {'category_id_1': 1}
2026-07-05 23:29:21,843 INFO sqlalchemy.engine.Engine BEGIN (implicit)
2026-07-05 23:29:21,843 INFO sqlalchemy.engine.Engine SELECT printing_colors.id AS printing_colors_id, printing_colors.name AS printing_colors_name, printing_colors.code AS printing_colors_code, printing_colors.plate_count AS printing_colors_plate_count, printing_colors.color_type AS printing_colors_color_type, printing_colors.price_multiplier AS printing_colors_price_multiplier, printing_colors.sort_order AS printing_colors_sort_order, printing_colors.is_active AS printing_colors_is_active 
FROM printing_colors 
WHERE printing_colors.is_active = true ORDER BY printing_colors.sort_order
2026-07-05 23:29:21,844 INFO sqlalchemy.engine.Engine [cached since 104.6s ago] {}
2026-07-05 23:29:21,844 INFO sqlalchemy.engine.Engine ROLLBACK
INFO:     127.0.0.1:60091 - "GET /api/quote/sizes?category_id=1 HTTP/1.1" 200 OK
2026-07-05 23:29:21,846 INFO sqlalchemy.engine.Engine ROLLBACK
INFO:     127.0.0.1:60093 - "GET /api/quote/colors HTTP/1.1" 200 OK
2026-07-05 23:29:21,854 INFO sqlalchemy.engine.Engine BEGIN (implicit)
2026-07-05 23:29:21,854 INFO sqlalchemy.engine.Engine SELECT printing_colors.id AS printing_colors_id, printing_colors.name AS printing_colors_name, printing_colors.code AS printing_colors_code, printing_colors.plate_count AS printing_colors_plate_count, printing_colors.color_type AS printing_colors_color_type, printing_colors.price_multiplier AS printing_colors_price_multiplier, printing_colors.sort_order AS printing_colors_sort_order, printing_colors.is_active AS printing_colors_is_active 
FROM printing_colors 
WHERE printing_colors.is_active = true ORDER BY printing_colors.sort_order
2026-07-05 23:29:21,854 INFO sqlalchemy.engine.Engine [cached since 104.6s ago] {}
2026-07-05 23:29:21,856 INFO sqlalchemy.engine.Engine ROLLBACK
INFO:     127.0.0.1:60095 - "GET /api/quote/colors HTTP/1.1" 200 OK
