[    2212ms] [VERBOSE] [DOM] Password field is not contained in a form: (More info: https://goo.gl/9p2vKq) %o @ https://baojia.yinshuabaojia.com:8000/(S(m53134mfjibd4ovw0idbc4ts))/index2.aspx?Id=265&p=F3D888A0A4EB99A337D4288CC9E67E4F:0
[    2212ms] [VERBOSE] [DOM] Password field is not contained in a form: (More info: https://goo.gl/9p2vKq) %o @ https://baojia.yinshuabaojia.com:8000/(S(m53134mfjibd4ovw0idbc4ts))/index2.aspx?Id=265&p=F3D888A0A4EB99A337D4288CC9E67E4F:0
[    2212ms] [VERBOSE] [DOM] Password field is not contained in a form: (More info: https://goo.gl/9p2vKq) %o @ https://baojia.yinshuabaojia.com:8000/(S(m53134mfjibd4ovw0idbc4ts))/index2.aspx?Id=265&p=F3D888A0A4EB99A337D4288CC9E67E4F:0
[    2212ms] [VERBOSE] [DOM] Password field is not contained in a form: (More info: https://goo.gl/9p2vKq) %o @ https://baojia.yinshuabaojia.com:8000/(S(m53134mfjibd4ovw0idbc4ts))/index2.aspx?Id=265&p=F3D888A0A4EB99A337D4288CC9E67E4F:0
[    2212ms] [VERBOSE] [DOM] Password field is not contained in a form: (More info: https://goo.gl/9p2vKq) %o @ https://baojia.yinshuabaojia.com:8000/(S(m53134mfjibd4ovw0idbc4ts))/index2.aspx?Id=265&p=F3D888A0A4EB99A337D4288CC9E67E4F:0
[    2212ms] [VERBOSE] [DOM] Password field is not contained in a form: (More info: https://goo.gl/9p2vKq) %o @ https://baojia.yinshuabaojia.com:8000/(S(m53134mfjibd4ovw0idbc4ts))/index2.aspx?Id=265&p=F3D888A0A4EB99A337D4288CC9E67E4F:0
[    2212ms] [VERBOSE] [DOM] Password field is not contained in a form: (More info: https://goo.gl/9p2vKq) %o @ https://baojia.yinshuabaojia.com:8000/(S(m53134mfjibd4ovw0idbc4ts))/index2.aspx?Id=265&p=F3D888A0A4EB99A337D4288CC9E67E4F:0
[    2212ms] [VERBOSE] [DOM] Password field is not contained in a form: (More info: https://goo.gl/9p2vKq) %o @ https://baojia.yinshuabaojia.com:8000/(S(m53134mfjibd4ovw0idbc4ts))/index2.aspx?Id=265&p=F3D888A0A4EB99A337D4288CC9E67E4F:0
[    2212ms] [VERBOSE] [DOM] Password field is not contained in a form: (More info: https://goo.gl/9p2vKq) %o @ https://baojia.yinshuabaojia.com:8000/(S(m53134mfjibd4ovw0idbc4ts))/index2.aspx?Id=265&p=F3D888A0A4EB99A337D4288CC9E67E4F:0
[    2212ms] [VERBOSE] [DOM] Password field is not contained in a form: (More info: https://goo.gl/9p2vKq) %o @ https://baojia.yinshuabaojia.com:8000/(S(m53134mfjibd4ovw0idbc4ts))/index2.aspx?Id=265&p=F3D888A0A4EB99A337D4288CC9E67E4F:0
[    2212ms] [VERBOSE] [DOM] Password field is not contained in a form: (More info: https://goo.gl/9p2vKq) %o @ https://baojia.yinshuabaojia.com:8000/(S(m53134mfjibd4ovw0idbc4ts))/index2.aspx?Id=265&p=F3D888A0A4EB99A337D4288CC9E67E4F:0
[    2251ms] [ERROR] Failed to load resource: the server responded with a status of 404 (Not Found) @ https://baojia.yinshuabaojia.com:8000/(S(m53134mfjibd4ovw0idbc4ts))/js/insdep/plugin/font-awesome-4.7.0/fonts/fontawesome-webfont.woff2?v=4.7.0:0
[  155722ms] [LOG] p.Event @ https://baojia.yinshuabaojia.com:8000/(S(m53134mfjibd4ovw0idbc4ts))/js/com_quoteprice.js?v=20260610173506:4478
[  243619ms] [LOG] p.Event @ https://baojia.yinshuabaojia.com:8000/(S(m53134mfjibd4ovw0idbc4ts))/js/com_quoteprice.js?v=20260610173506:4478
[  447938ms] [LOG] p.Event @ https://baojia.yinshuabaojia.com:8000/(S(m53134mfjibd4ovw0idbc4ts))/js/com_quoteprice.js?v=20260610173506:4478
[ 1306650ms] [LOG] error,265 @ https://baojia.yinshuabaojia.com:8000/(S(m53134mfjibd4ovw0idbc4ts))/js/page/index_new.js?v=20250616164808:637
[ 1306650ms] [ERROR] Failed to load resource: net::ERR_CONNECTION_CLOSED @ https://baojia.yinshuabaojia.com:8000/(S(m53134mfjibd4ovw0idbc4ts))/ashx/GetSessionLoginUser.ashx?_=1781365874630:0
[ 1321456ms] [LOG] error,265 @ https://baojia.yinshuabaojia.com:8000/(S(m53134mfjibd4ovw0idbc4ts))/js/page/index_new.js?v=20250616164808:637
[ 1321456ms] [ERROR] Failed to load resource: net::ERR_TIMED_OUT @ https://baojia.yinshuabaojia.com:8000/(S(m53134mfjibd4ovw0idbc4ts))/ashx/GetSessionLoginUser.ashx?_=1781365874631:0
[ 1322650ms] [LOG] error,265 @ https://baojia.yinshuabaojia.com:8000/(S(m53134mfjibd4ovw0idbc4ts))/js/page/index_new.js?v=20250616164808:637
[ 1322651ms] [ERROR] Failed to load resource: net::ERR_CONNECTION_CLOSED @ https://baojia.yinshuabaojia.com:8000/(S(m53134mfjibd4ovw0idbc4ts))/ashx/GetSessionLoginUser.ashx?_=1781365874632:0
[ 1322651ms] [LOG] error,265 @ https://baojia.yinshuabaojia.com:8000/(S(m53134mfjibd4ovw0idbc4ts))/js/page/index_new.js?v=20250616164808:637
[ 1322652ms] [ERROR] Failed to load resource: net::ERR_CONNECTION_CLOSED @ https://baojia.yinshuabaojia.com:8000/(S(m53134mfjibd4ovw0idbc4ts))/ashx/GetSessionLoginUser.ashx?_=1781365874633:0
[ 1332043ms] [LOG] error,265 @ https://baojia.yinshuabaojia.com:8000/(S(m53134mfjibd4ovw0idbc4ts))/js/page/index_new.js?v=20250616164808:637
[ 1332043ms] [ERROR] Failed to load resource: net::ERR_CONNECTION_RESET @ https://baojia.yinshuabaojia.com:8000/(S(m53134mfjibd4ovw0idbc4ts))/ashx/GetSessionLoginUser.ashx?_=1781365874634:0
[ 1363078ms] [LOG] error,265 @ https://baojia.yinshuabaojia.com:8000/(S(m53134mfjibd4ovw0idbc4ts))/js/page/index_new.js?v=20250616164808:637
[ 1363079ms] [ERROR] Failed to load resource: net::ERR_TIMED_OUT @ https://baojia.yinshuabaojia.com:8000/(S(m53134mfjibd4ovw0idbc4ts))/ashx/GetSessionLoginUser.ashx?_=1781365874635:0
[ 1363079ms] [LOG] error,265 @ https://baojia.yinshuabaojia.com:8000/(S(m53134mfjibd4ovw0idbc4ts))/js/page/index_new.js?v=20250616164808:637
[ 1363079ms] [ERROR] Failed to load resource: net::ERR_TIMED_OUT @ https://baojia.yinshuabaojia.com:8000/(S(m53134mfjibd4ovw0idbc4ts))/ashx/GetSessionLoginUser.ashx?_=1781365874636:0
[ 1363079ms] [LOG] error,265 @ https://baojia.yinshuabaojia.com:8000/(S(m53134mfjibd4ovw0idbc4ts))/js/page/index_new.js?v=20250616164808:637
[ 1363079ms] [ERROR] Failed to load resource: net::ERR_TIMED_OUT @ https://baojia.yinshuabaojia.com:8000/(S(m53134mfjibd4ovw0idbc4ts))/ashx/GetSessionLoginUser.ashx?_=1781365874637:0
[ 1365008ms] [LOG] error,265 @ https://baojia.yinshuabaojia.com:8000/(S(m53134mfjibd4ovw0idbc4ts))/js/page/index_new.js?v=20250616164808:637
[ 1365009ms] [ERROR] Failed to load resource: net::ERR_CONNECTION_CLOSED @ https://baojia.yinshuabaojia.com:8000/(S(m53134mfjibd4ovw0idbc4ts))/ashx/GetSessionLoginUser.ashx?_=1781365874638:0
